<?xml version="1.0" encoding="UTF-8"?>
<!-- Generated by org.testng.reporters.JUnitXMLReporter -->
<testsuite hostname="stepryan-duo" name="RegressionCore" tests="2" failures="1" timestamp="5 Jun 2015 16:33:49 GMT" time="0.125" errors="0">
  <testcase name="loggingTestFail" time="0.045" classname="coretest.CoreTestCase">
    <failure type="java.lang.AssertionError" message="expected [true] but found [false]">
      <![CDATA[java.lang.AssertionError: expected [true] but found [false]
	at coretest.CoreTestCase.loggingTestFail(CoreTestCase.java:28)
... Removed 28 stack frames]]>
    </failure>
  </testcase> <!-- loggingTestFail -->
  <testcase name="loggingTestPass" time="0.005" classname="coretest.CoreTestCase"/>
</testsuite> <!-- RegressionCore -->
