<?xml version="1.0" encoding="UTF-8"?>
<testng-results skipped="0" failed="1" total="1" passed="0">
  <reporter-output>
  </reporter-output>
  <suite name="Default suite" duration-ms="11595" started-at="2016-10-20T15:47:03Z" finished-at="2016-10-20T15:47:15Z">
    <groups>
    </groups>
    <test name="Default test" duration-ms="11595" started-at="2016-10-20T15:47:03Z" finished-at="2016-10-20T15:47:15Z">
      <class name="com.jfruit.ui.UiTestCase">
        <test-method status="PASS" signature="beforeSuite()[pri:0, instance:com.jfruit.ui.UiTestCase@79924b]" name="beforeSuite" is-config="true" duration-ms="13" started-at="2016-10-20T16:47:00Z" finished-at="2016-10-20T16:47:00Z">
          <reporter-output>
          </reporter-output>
        </test-method> <!-- beforeSuite -->
        <test-method status="PASS" signature="beforeUiSuite()[pri:0, instance:com.jfruit.ui.UiTestCase@79924b]" name="beforeUiSuite" is-config="true" duration-ms="3322" started-at="2016-10-20T16:47:00Z" depends-on-methods="com.jfruit.core.basetest.BaseTestCase.beforeSuite" finished-at="2016-10-20T16:47:03Z">
          <reporter-output>
          </reporter-output>
        </test-method> <!-- beforeUiSuite -->
        <test-method status="FAIL" signature="naviagteGoogleWeb()[pri:0, instance:com.jfruit.ui.UiTestCase@79924b]" name="naviagteGoogleWeb" duration-ms="11568" started-at="2016-10-20T16:47:03Z" finished-at="2016-10-20T16:47:15Z">
          <exception class="org.openqa.selenium.TimeoutException">
            <message>
              <![CDATA[Timed out after 10 seconds waiting for com.jfruit.ui.WebDriverUtility$1@74960bfa
Build info: version: '2.47.1', revision: 'unknown', time: '2015-07-30 11:02:44'
System info: host: 'sryan-Latitude-E6430', ip: '127.0.1.1', os.name: 'Linux', os.arch: 'amd64', os.version: '4.4.0-43-generic', java.version: '1.8.0_101'
Driver info: org.openqa.selenium.firefox.FirefoxDriver
Capabilities [{applicationCacheEnabled=true, rotatable=false, handlesAlerts=true, databaseEnabled=true, version=49.0, platform=LINUX, nativeEvents=false, acceptSslCerts=true, webStorageEnabled=true, locationContextEnabled=true, browserName=firefox, takesScreenshot=true, javascriptEnabled=true, cssSelectorsEnabled=true}]
Session ID: ebdaee72-1fc1-4f9f-81f7-d1e9e01d478a]]>
            </message>
            <full-stacktrace>
              <![CDATA[org.openqa.selenium.TimeoutException: Timed out after 10 seconds waiting for com.jfruit.ui.WebDriverUtility$1@74960bfa
Build info: version: '2.47.1', revision: 'unknown', time: '2015-07-30 11:02:44'
System info: host: 'sryan-Latitude-E6430', ip: '127.0.1.1', os.name: 'Linux', os.arch: 'amd64', os.version: '4.4.0-43-generic', java.version: '1.8.0_101'
Driver info: org.openqa.selenium.firefox.FirefoxDriver
Capabilities [{applicationCacheEnabled=true, rotatable=false, handlesAlerts=true, databaseEnabled=true, version=49.0, platform=LINUX, nativeEvents=false, acceptSslCerts=true, webStorageEnabled=true, locationContextEnabled=true, browserName=firefox, takesScreenshot=true, javascriptEnabled=true, cssSelectorsEnabled=true}]
Session ID: ebdaee72-1fc1-4f9f-81f7-d1e9e01d478a
	at org.openqa.selenium.support.ui.WebDriverWait.timeoutException(WebDriverWait.java:80)
	at org.openqa.selenium.support.ui.FluentWait.until(FluentWait.java:229)
	at com.jfruit.ui.WebDriverUtility.waitForPageToLoad(WebDriverUtility.java:35)
	at com.jfruit.ui.UiTestCase.naviagteGoogleWeb(UiTestCase.java:49)
	at sun.reflect.NativeMethodAccessorImpl.invoke0(Native Method)
	at sun.reflect.NativeMethodAccessorImpl.invoke(NativeMethodAccessorImpl.java:62)
	at sun.reflect.DelegatingMethodAccessorImpl.invoke(DelegatingMethodAccessorImpl.java:43)
	at java.lang.reflect.Method.invoke(Method.java:498)
	at org.testng.internal.MethodInvocationHelper.invokeMethod(MethodInvocationHelper.java:100)
	at org.testng.internal.Invoker.invokeMethod(Invoker.java:646)
	at org.testng.internal.Invoker.invokeTestMethod(Invoker.java:811)
	at org.testng.internal.Invoker.invokeTestMethods(Invoker.java:1137)
	at org.testng.internal.TestMethodWorker.invokeTestMethods(TestMethodWorker.java:129)
	at org.testng.internal.TestMethodWorker.run(TestMethodWorker.java:112)
	at org.testng.TestRunner.privateRun(TestRunner.java:753)
	at org.testng.TestRunner.run(TestRunner.java:607)
	at org.testng.SuiteRunner.runTest(SuiteRunner.java:368)
	at org.testng.SuiteRunner.runSequentially(SuiteRunner.java:363)
	at org.testng.SuiteRunner.privateRun(SuiteRunner.java:321)
	at org.testng.SuiteRunner.run(SuiteRunner.java:270)
	at org.testng.SuiteRunnerWorker.runSuite(SuiteRunnerWorker.java:52)
	at org.testng.SuiteRunnerWorker.run(SuiteRunnerWorker.java:86)
	at org.testng.TestNG.runSuitesSequentially(TestNG.java:1284)
	at org.testng.TestNG.runSuitesLocally(TestNG.java:1209)
	at org.testng.TestNG.runSuites(TestNG.java:1124)
	at org.testng.TestNG.run(TestNG.java:1096)
	at org.testng.remote.AbstractRemoteTestNG.run(AbstractRemoteTestNG.java:132)
	at org.testng.remote.RemoteTestNG.initAndRun(RemoteTestNG.java:236)
	at org.testng.remote.RemoteTestNG.main(RemoteTestNG.java:81)
]]>
            </full-stacktrace>
          </exception> <!-- org.openqa.selenium.TimeoutException -->
          <reporter-output>
          </reporter-output>
        </test-method> <!-- naviagteGoogleWeb -->
        <test-method status="PASS" signature="afterSuite()[pri:0, instance:com.jfruit.ui.UiTestCase@79924b]" name="afterSuite" is-config="true" duration-ms="0" started-at="2016-10-20T16:47:15Z" finished-at="2016-10-20T16:47:15Z">
          <reporter-output>
          </reporter-output>
        </test-method> <!-- afterSuite -->
      </class> <!-- com.jfruit.ui.UiTestCase -->
    </test> <!-- Default test -->
  </suite> <!-- Default suite -->
</testng-results>
