<?xml version="1.0" encoding="UTF-8"?>
<testng-results skipped="0" failed="1" total="1" passed="0">
  <reporter-output>
  </reporter-output>
  <suite name="Default suite" duration-ms="24531" started-at="2015-08-12T16:47:19Z" finished-at="2015-08-12T16:47:44Z">
    <groups>
    </groups>
    <test name="Default test" duration-ms="24531" started-at="2015-08-12T16:47:19Z" finished-at="2015-08-12T16:47:44Z">
      <class name="com.jfruit.ui.UiTestCase">
        <test-method status="PASS" signature="beforeSuite()[pri:0, instance:com.jfruit.ui.UiTestCase@1921360]" name="beforeSuite" is-config="true" duration-ms="262" started-at="2015-08-12T17:46:42Z" finished-at="2015-08-12T17:46:43Z">
          <reporter-output>
          </reporter-output>
        </test-method> <!-- beforeSuite -->
        <test-method status="PASS" signature="beforeUiSuite()[pri:0, instance:com.jfruit.ui.UiTestCase@1921360]" name="beforeUiSuite" is-config="true" duration-ms="36384" started-at="2015-08-12T17:46:43Z" depends-on-methods="com.jfruit.core.basetest.BaseTestCase.beforeSuite" finished-at="2015-08-12T17:47:19Z">
          <reporter-output>
          </reporter-output>
        </test-method> <!-- beforeUiSuite -->
        <test-method status="FAIL" signature="UiTestCase()[pri:0, instance:com.jfruit.ui.UiTestCase@1921360]" name="UiTestCase" duration-ms="24180" started-at="2015-08-12T17:47:19Z" finished-at="2015-08-12T17:47:44Z">
          <exception class="org.openqa.selenium.TimeoutException">
            <message>
              <![CDATA[Timed out after 10 seconds waiting for com.jfruit.ui.WebDriverUtility$1@8dd47a
Build info: version: '2.47.1', revision: 'unknown', time: '2015-07-30 11:02:44'
System info: host: 'stepryan-duo', ip: '127.0.1.1', os.name: 'Linux', os.arch: 'i386', os.version: '3.16.0-43-generic', java.version: '1.7.0_79'
Session ID: 54e3a740-9a19-431f-9c77-b00fc0bbba1e
Driver info: org.openqa.selenium.firefox.FirefoxDriver
Capabilities [{platform=LINUX, acceptSslCerts=true, javascriptEnabled=true, cssSelectorsEnabled=true, databaseEnabled=true, browserName=firefox, handlesAlerts=true, nativeEvents=false, webStorageEnabled=true, rotatable=false, locationContextEnabled=true, applicationCacheEnabled=true, takesScreenshot=true, version=38.0}]]]>
            </message>
            <full-stacktrace>
              <![CDATA[org.openqa.selenium.TimeoutException: Timed out after 10 seconds waiting for com.jfruit.ui.WebDriverUtility$1@8dd47a
Build info: version: '2.47.1', revision: 'unknown', time: '2015-07-30 11:02:44'
System info: host: 'stepryan-duo', ip: '127.0.1.1', os.name: 'Linux', os.arch: 'i386', os.version: '3.16.0-43-generic', java.version: '1.7.0_79'
Session ID: 54e3a740-9a19-431f-9c77-b00fc0bbba1e
Driver info: org.openqa.selenium.firefox.FirefoxDriver
Capabilities [{platform=LINUX, acceptSslCerts=true, javascriptEnabled=true, cssSelectorsEnabled=true, databaseEnabled=true, browserName=firefox, handlesAlerts=true, nativeEvents=false, webStorageEnabled=true, rotatable=false, locationContextEnabled=true, applicationCacheEnabled=true, takesScreenshot=true, version=38.0}]
	at org.openqa.selenium.support.ui.WebDriverWait.timeoutException(WebDriverWait.java:80)
	at org.openqa.selenium.support.ui.FluentWait.until(FluentWait.java:229)
	at com.jfruit.ui.WebDriverUtility.waitforPageToLoad(WebDriverUtility.java:37)
	at com.jfruit.ui.UiTestCase.UiTestCase(UiTestCase.java:49)
	at sun.reflect.NativeMethodAccessorImpl.invoke0(Native Method)
	at sun.reflect.NativeMethodAccessorImpl.invoke(NativeMethodAccessorImpl.java:57)
	at sun.reflect.DelegatingMethodAccessorImpl.invoke(DelegatingMethodAccessorImpl.java:43)
	at java.lang.reflect.Method.invoke(Method.java:606)
	at org.testng.internal.MethodInvocationHelper.invokeMethod(MethodInvocationHelper.java:84)
	at org.testng.internal.Invoker.invokeMethod(Invoker.java:714)
	at org.testng.internal.Invoker.invokeTestMethod(Invoker.java:901)
	at org.testng.internal.Invoker.invokeTestMethods(Invoker.java:1231)
	at org.testng.internal.TestMethodWorker.invokeTestMethods(TestMethodWorker.java:127)
	at org.testng.internal.TestMethodWorker.run(TestMethodWorker.java:111)
	at org.testng.TestRunner.privateRun(TestRunner.java:767)
	at org.testng.TestRunner.run(TestRunner.java:617)
	at org.testng.SuiteRunner.runTest(SuiteRunner.java:334)
	at org.testng.SuiteRunner.runSequentially(SuiteRunner.java:329)
	at org.testng.SuiteRunner.privateRun(SuiteRunner.java:291)
	at org.testng.SuiteRunner.run(SuiteRunner.java:240)
	at org.testng.SuiteRunnerWorker.runSuite(SuiteRunnerWorker.java:52)
	at org.testng.SuiteRunnerWorker.run(SuiteRunnerWorker.java:86)
	at org.testng.TestNG.runSuitesSequentially(TestNG.java:1224)
	at org.testng.TestNG.runSuitesLocally(TestNG.java:1149)
	at org.testng.TestNG.run(TestNG.java:1057)
	at org.testng.remote.RemoteTestNG.run(RemoteTestNG.java:111)
	at org.testng.remote.RemoteTestNG.initAndRun(RemoteTestNG.java:204)
	at org.testng.remote.RemoteTestNG.main(RemoteTestNG.java:175)
]]>
            </full-stacktrace>
          </exception> <!-- org.openqa.selenium.TimeoutException -->
          <reporter-output>
          </reporter-output>
        </test-method> <!-- UiTestCase -->
        <test-method status="PASS" signature="afterSuite()[pri:0, instance:com.jfruit.ui.UiTestCase@1921360]" name="afterSuite" is-config="true" duration-ms="3" started-at="2015-08-12T17:47:44Z" finished-at="2015-08-12T17:47:44Z">
          <reporter-output>
          </reporter-output>
        </test-method> <!-- afterSuite -->
      </class> <!-- com.jfruit.ui.UiTestCase -->
    </test> <!-- Default test -->
  </suite> <!-- Default suite -->
</testng-results>
