<?xml version="1.0" encoding="UTF-8"?>
<testng-results skipped="0" failed="0" total="1" passed="1">
  <reporter-output>
  </reporter-output>
  <suite name="Default suite" duration-ms="6817" started-at="2016-10-24T07:08:43Z" finished-at="2016-10-24T07:08:49Z">
    <groups>
    </groups>
    <test name="Default test" duration-ms="6817" started-at="2016-10-24T07:08:43Z" finished-at="2016-10-24T07:08:49Z">
      <class name="com.jfruit.application.ui.UiTestCase">
        <test-method status="PASS" signature="beforeSuite()[pri:0, instance:com.jfruit.application.ui.UiTestCase@4fb61f4a]" name="beforeSuite" is-config="true" duration-ms="62" started-at="2016-10-24T08:08:34Z" finished-at="2016-10-24T08:08:34Z">
          <reporter-output>
          </reporter-output>
        </test-method> <!-- beforeSuite -->
        <test-method status="PASS" signature="beforeUiSuite()[pri:0, instance:com.jfruit.application.ui.UiTestCase@4fb61f4a]" name="beforeUiSuite" is-config="true" duration-ms="8693" started-at="2016-10-24T08:08:34Z" depends-on-methods="com.jfruit.core.basetest.BaseTestCase.beforeSuite" finished-at="2016-10-24T08:08:43Z">
          <reporter-output>
          </reporter-output>
        </test-method> <!-- beforeUiSuite -->
        <test-method status="PASS" signature="searchGoogle()[pri:0, instance:com.jfruit.application.ui.UiTestCase@4fb61f4a]" name="searchGoogle" duration-ms="6719" started-at="2016-10-24T08:08:43Z" finished-at="2016-10-24T08:08:49Z">
          <reporter-output>
          </reporter-output>
        </test-method> <!-- searchGoogle -->
        <test-method status="PASS" signature="afterSuite()[pri:0, instance:com.jfruit.application.ui.UiTestCase@4fb61f4a]" name="afterSuite" is-config="true" duration-ms="2" started-at="2016-10-24T08:08:49Z" finished-at="2016-10-24T08:08:49Z">
          <reporter-output>
          </reporter-output>
        </test-method> <!-- afterSuite -->
      </class> <!-- com.jfruit.application.ui.UiTestCase -->
    </test> <!-- Default test -->
  </suite> <!-- Default suite -->
</testng-results>
